<?xml version="1.0" encoding="UTF-8"?>
<!-- Generated by org.testng.reporters.JUnitXMLReporter -->
<testsuite ignored="0" hostname="DELL3400-2408" failures="0" tests="6" name="Default test" time="17.658" errors="0" timestamp="2022-01-31T03:38:14 IST">
  <testcase classname="location.AddLocation" name="createPlace" time="2.222"/>
  <testcase classname="location.AddLocation" name="updatePlace" time="3.605"/>
  <testcase classname="location.AddLocation" name="getPlace" time="2.609"/>
  <testcase classname="location.AddLocation" name="delete" time="2.86"/>
  <testcase classname="location.AddLocation" name="getDeletedPlace" time="2.522"/>
  <testcase classname="location.AddLocation" name="updateDeletedPlace" time="2.879"/>
</testsuite> <!-- Default test -->
