<?xml version="1.0" encoding="UTF-8"?>
<!-- Generated by org.testng.reporters.JUnitXMLReporter -->
<testsuite ignored="0" hostname="DELL3400-2408" failures="0" tests="4" name="Test" time="11.81" errors="0" timestamp="2022-01-31T03:22:59 IST">
  <testcase classname="location.AddLocation" name="createPlace" time="2.136"/>
  <testcase classname="location.AddLocation" name="updatePlace" time="3.431"/>
  <testcase classname="location.AddLocation" name="getPlace" time="2.575"/>
  <testcase classname="location.AddLocation" name="test" time="2.926"/>
</testsuite> <!-- Test -->
