<?xml version="1.0" encoding="UTF-8"?>
<testng-results ignored="0" total="6" passed="6" failed="0" skipped="0">
  <reporter-output>
  </reporter-output>
  <suite started-at="2022-01-31T03:37:56 IST" name="Default suite" finished-at="2022-01-31T03:38:14 IST" duration-ms="17658">
    <groups>
    </groups>
    <test started-at="2022-01-31T03:37:56 IST" name="Default test" finished-at="2022-01-31T03:38:14 IST" duration-ms="17658">
      <class name="location.AddLocation">
        <test-method is-config="true" signature="beforeClass()[pri:0, instance:location.AddLocation@2e3967ea]" started-at="2022-01-31T03:37:57 IST" name="beforeClass" finished-at="2022-01-31T03:37:57 IST" duration-ms="861" status="PASS">
          <reporter-output>
          </reporter-output>
        </test-method> <!-- beforeClass -->
        <test-method signature="createPlace()[pri:0, instance:location.AddLocation@2e3967ea]" started-at="2022-01-31T03:37:57 IST" name="createPlace" finished-at="2022-01-31T03:38:00 IST" duration-ms="2222" status="PASS">
          <reporter-output>
          </reporter-output>
        </test-method> <!-- createPlace -->
        <test-method signature="updatePlace()[pri:0, instance:location.AddLocation@2e3967ea]" started-at="2022-01-31T03:38:00 IST" name="updatePlace" finished-at="2022-01-31T03:38:03 IST" depends-on-methods="location.AddLocation.createPlace" duration-ms="3605" status="PASS">
          <reporter-output>
          </reporter-output>
        </test-method> <!-- updatePlace -->
        <test-method signature="getPlace()[pri:0, instance:location.AddLocation@2e3967ea]" started-at="2022-01-31T03:38:03 IST" name="getPlace" finished-at="2022-01-31T03:38:06 IST" depends-on-methods="location.AddLocation.updatePlace" duration-ms="2609" status="PASS">
          <reporter-output>
          </reporter-output>
        </test-method> <!-- getPlace -->
        <test-method signature="delete()[pri:0, instance:location.AddLocation@2e3967ea]" started-at="2022-01-31T03:38:06 IST" name="delete" finished-at="2022-01-31T03:38:09 IST" depends-on-methods="location.AddLocation.getPlace" duration-ms="2860" status="PASS">
          <reporter-output>
          </reporter-output>
        </test-method> <!-- delete -->
        <test-method signature="getDeletedPlace()[pri:0, instance:location.AddLocation@2e3967ea]" started-at="2022-01-31T03:38:09 IST" name="getDeletedPlace" finished-at="2022-01-31T03:38:11 IST" depends-on-methods="location.AddLocation.delete" duration-ms="2522" status="PASS">
          <reporter-output>
          </reporter-output>
        </test-method> <!-- getDeletedPlace -->
        <test-method signature="updateDeletedPlace()[pri:0, instance:location.AddLocation@2e3967ea]" started-at="2022-01-31T03:38:11 IST" name="updateDeletedPlace" finished-at="2022-01-31T03:38:14 IST" depends-on-methods="location.AddLocation.getDeletedPlace" duration-ms="2879" status="PASS">
          <reporter-output>
          </reporter-output>
        </test-method> <!-- updateDeletedPlace -->
      </class> <!-- location.AddLocation -->
    </test> <!-- Default test -->
  </suite> <!-- Default suite -->
</testng-results>
